[01m[K/home/jsc/ros2_ws/src/delta_lidar/src/node.cpp:[m[K In function â€˜[01m[Kint main(int, char**)[m[Kâ€™:
[01m[K/home/jsc/ros2_ws/src/delta_lidar/src/node.cpp:119:20:[m[K [01;31m[Kerror: [m[Kâ€˜[01m[Kclass everest::hwdrivers::C3iroboticsLidar[m[Kâ€™ has no member named â€˜[01m[Kinitialize[m[Kâ€™; did you mean â€˜[01m[Kinitilize[m[Kâ€™?
  119 |     robotics_lidar.[01;31m[Kinitialize[m[K(serial_connect);
      |                    [01;31m[K^~~~~~~~~~[m[K
      |                    [32m[Kinitilize[m[K
gmake[2]: *** [CMakeFiles/delta_lidar_node.dir/build.make:76: CMakeFiles/delta_lidar_node.dir/src/node.cpp.o] Error 1
gmake[1]: *** [CMakeFiles/Makefile2:139: CMakeFiles/delta_lidar_node.dir/all] Error 2
gmake: *** [Makefile:146: all] Error 2
