[35m[1mConsolidate compiler generated dependencies of target delta_lidar_node[0m
[ 14%] Built target delta_lidar_node_client
[ 21%] [32mBuilding CXX object CMakeFiles/delta_lidar_node.dir/src/node.cpp.o[0m
[01m[K/home/jsc/ros2_ws/src/delta_lidar/src/node.cpp:[m[K In function â€˜[01m[Kint main(int, char**)[m[Kâ€™:
[01m[K/home/jsc/ros2_ws/src/delta_lidar/src/node.cpp:93:33:[m[K [01;31m[Kerror: [m[Kno matching function for call to â€˜[01m[Krclcpp::Node::get_parameter_or(const char [9], std::string&, const char [6])[m[Kâ€™
   93 |     [01;31m[Knh_private->get_parameter_or("frame_id", frame_id, "laser")[m[K;
      |     [01;31m[K~~~~~~~~~~~~~~~~~~~~~~~~~~~~^~~~~~~~~~~~~~~~~~~~~~~~~~~~~~~[m[K
In file included from [01m[K/opt/ros/humble/include/rclcpp/rclcpp/node.hpp:1321[m[K,
                 from [01m[K/opt/ros/humble/include/rclcpp/rclcpp/executors/single_threaded_executor.hpp:28[m[K,
                 from [01m[K/opt/ros/humble/include/rclcpp/rclcpp/executors.hpp:22[m[K,
                 from [01m[K/opt/ros/humble/include/rclcpp/rclcpp/rclcpp.hpp:155[m[K,
                 from [01m[K/home/jsc/ros2_ws/src/delta_lidar/src/node.cpp:1[m[K:
[01m[K/opt/ros/humble/include/rclcpp/rclcpp/node_impl.hpp:302:1:[m[K [01;36m[Knote: [m[Kcandidate: â€˜[01m[Ktemplate<class ParameterT> bool rclcpp::Node::get_parameter_or(const string&, ParameterT&, const ParameterT&) const[m[Kâ€™
  302 | [01;36m[KNode[m[K::get_parameter_or(
      | [01;36m[K^~~~[m[K
[01m[K/opt/ros/humble/include/rclcpp/rclcpp/node_impl.hpp:302:1:[m[K [01;36m[Knote: [m[K  template argument deduction/substitution failed:
[01m[K/home/jsc/ros2_ws/src/delta_lidar/src/node.cpp:93:33:[m[K [01;36m[Knote: [m[K  deduced conflicting types for parameter â€˜[01m[Kconst ParameterT[m[Kâ€™ (â€˜[01m[Kstd::__cxx11::basic_string<char>[m[Kâ€™ and â€˜[01m[Kchar [6][m[Kâ€™)
   93 |     [01;36m[Knh_private->get_parameter_or("frame_id", frame_id, "laser")[m[K;
      |     [01;36m[K~~~~~~~~~~~~~~~~~~~~~~~~~~~~^~~~~~~~~~~~~~~~~~~~~~~~~~~~~~~[m[K
In file included from [01m[K/opt/ros/humble/include/rclcpp/rclcpp/executors/single_threaded_executor.hpp:28[m[K,
                 from [01m[K/opt/ros/humble/include/rclcpp/rclcpp/executors.hpp:22[m[K,
                 from [01m[K/opt/ros/humble/include/rclcpp/rclcpp/rclcpp.hpp:155[m[K,
                 from [01m[K/home/jsc/ros2_ws/src/delta_lidar/src/node.cpp:1[m[K:
[01m[K/opt/ros/humble/include/rclcpp/rclcpp/node.hpp:721:3:[m[K [01;36m[Knote: [m[Kcandidate: â€˜[01m[Ktemplate<class ParameterT> ParameterT rclcpp::Node::get_parameter_or(const string&, const ParameterT&) const[m[Kâ€™
  721 |   [01;36m[Kget_parameter_or[m[K(
      |   [01;36m[K^~~~~~~~~~~~~~~~[m[K
[01m[K/opt/ros/humble/include/rclcpp/rclcpp/node.hpp:721:3:[m[K [01;36m[Knote: [m[K  template argument deduction/substitution failed:
[01m[K/home/jsc/ros2_ws/src/delta_lidar/src/node.cpp:93:33:[m[K [01;36m[Knote: [m[K  candidate expects 2 arguments, 3 provided
   93 |     [01;36m[Knh_private->get_parameter_or("frame_id", frame_id, "laser")[m[K;
      |     [01;36m[K~~~~~~~~~~~~~~~~~~~~~~~~~~~~^~~~~~~~~~~~~~~~~~~~~~~~~~~~~~~[m[K
[01m[K/home/jsc/ros2_ws/src/delta_lidar/src/node.cpp:115:20:[m[K [01;31m[Kerror: [m[Kâ€˜[01m[Kclass everest::hwdrivers::C3iroboticsLidar[m[Kâ€™ has no member named â€˜[01m[Kinitialize[m[Kâ€™; did you mean â€˜[01m[Kinitilize[m[Kâ€™?
  115 |     robotics_lidar.[01;31m[Kinitialize[m[K(&serial_connect);
      |                    [01;31m[K^~~~~~~~~~[m[K
      |                    [32m[Kinitilize[m[K
gmake[2]: *** [CMakeFiles/delta_lidar_node.dir/build.make:76: CMakeFiles/delta_lidar_node.dir/src/node.cpp.o] Error 1
gmake[1]: *** [CMakeFiles/Makefile2:139: CMakeFiles/delta_lidar_node.dir/all] Error 2
gmake: *** [Makefile:146: all] Error 2
