[0.038s] Invoking command in '/home/jsc/ros2_ws/build/delta_lidar': CMAKE_PREFIX_PATH=${CMAKE_PREFIX_PATH}:/home/jsc/ros2_ws/install/robot_sensor_distance:/home/jsc/ros2_ws/install/robot_distancia:/home/jsc/ros2_ws/install/robot_controller:/home/jsc/ros2_ws/install/prueba:/home/jsc/ros2_ws/install/aros2duino:/home/jsc/Aros2duino/install/aros2duino:/opt/ros/humble /usr/bin/cmake --build /home/jsc/ros2_ws/build/delta_lidar -- -j12 -l12
[0.835s] [35m[1mConsolidate compiler generated dependencies of target delta_lidar_node_client[0m
[0.835s] [35m[1mConsolidate compiler generated dependencies of target delta_lidar_node[0m
[0.836s] [ 21%] [32mBuilding CXX object CMakeFiles/delta_lidar_node.dir/src/node.cpp.o[0m
[0.836s] [ 21%] Built target delta_lidar_node_client
[2.379s] [01m[K/home/jsc/ros2_ws/src/delta_lidar/src/node.cpp:[m[K In function â€˜[01m[Kint main(int, char**)[m[Kâ€™:
[2.379s] [01m[K/home/jsc/ros2_ws/src/delta_lidar/src/node.cpp:90:33:[m[K [01;31m[Kerror: [m[Kno matching function for call to â€˜[01m[Krclcpp::Node::get_parameter_or(const char [12], std::string&, const char [13])[m[Kâ€™
[2.379s]    90 |     [01;31m[Knh_private->get_parameter_or("serial_port", opt_com_path, "/dev/ttyUSB0")[m[K;
[2.379s]       |     [01;31m[K~~~~~~~~~~~~~~~~~~~~~~~~~~~~^~~~~~~~~~~~~~~~~~~~~~~~~~~~~~~~~~~~~~~~~~~~~[m[K
[2.379s] In file included from [01m[K/opt/ros/humble/include/rclcpp/rclcpp/executors/single_threaded_executor.hpp:28[m[K,
[2.379s]                  from [01m[K/opt/ros/humble/include/rclcpp/rclcpp/executors.hpp:22[m[K,
[2.379s]                  from [01m[K/opt/ros/humble/include/rclcpp/rclcpp/rclcpp.hpp:155[m[K,
[2.379s]                  from [01m[K/home/jsc/ros2_ws/src/delta_lidar/src/node.cpp:1[m[K:
[2.379s] [01m[K/opt/ros/humble/include/rclcpp/rclcpp/node.hpp:702:3:[m[K [01;36m[Knote: [m[Kcandidate: â€˜[01m[Ktemplate<class ParameterT> bool rclcpp::Node::get_parameter_or(const string&, ParameterT&, const ParameterT&) const[m[Kâ€™
[2.379s]   702 |   [01;36m[Kget_parameter_or[m[K(
[2.379s]       |   [01;36m[K^~~~~~~~~~~~~~~~[m[K
[2.379s] [01m[K/opt/ros/humble/include/rclcpp/rclcpp/node.hpp:702:3:[m[K [01;36m[Knote: [m[K  template argument deduction/substitution failed:
[2.379s] [01m[K/home/jsc/ros2_ws/src/delta_lidar/src/node.cpp:90:33:[m[K [01;36m[Knote: [m[K  deduced conflicting types for parameter â€˜[01m[Kconst ParameterT[m[Kâ€™ (â€˜[01m[Kstd::__cxx11::basic_string<char>[m[Kâ€™ and â€˜[01m[Kchar [13][m[Kâ€™)
[2.379s]    90 |     [01;36m[Knh_private->get_parameter_or("serial_port", opt_com_path, "/dev/ttyUSB0")[m[K;
[2.379s]       |     [01;36m[K~~~~~~~~~~~~~~~~~~~~~~~~~~~~^~~~~~~~~~~~~~~~~~~~~~~~~~~~~~~~~~~~~~~~~~~~~[m[K
[2.380s] In file included from [01m[K/opt/ros/humble/include/rclcpp/rclcpp/executors/single_threaded_executor.hpp:28[m[K,
[2.380s]                  from [01m[K/opt/ros/humble/include/rclcpp/rclcpp/executors.hpp:22[m[K,
[2.380s]                  from [01m[K/opt/ros/humble/include/rclcpp/rclcpp/rclcpp.hpp:155[m[K,
[2.380s]                  from [01m[K/home/jsc/ros2_ws/src/delta_lidar/src/node.cpp:1[m[K:
[2.380s] [01m[K/opt/ros/humble/include/rclcpp/rclcpp/node.hpp:721:3:[m[K [01;36m[Knote: [m[Kcandidate: â€˜[01m[Ktemplate<class ParameterT> ParameterT rclcpp::Node::get_parameter_or(const string&, const ParameterT&) const[m[Kâ€™
[2.380s]   721 |   [01;36m[Kget_parameter_or[m[K(
[2.380s]       |   [01;36m[K^~~~~~~~~~~~~~~~[m[K
[2.380s] [01m[K/opt/ros/humble/include/rclcpp/rclcpp/node.hpp:721:3:[m[K [01;36m[Knote: [m[K  template argument deduction/substitution failed:
[2.387s] [01m[K/home/jsc/ros2_ws/src/delta_lidar/src/node.cpp:90:33:[m[K [01;36m[Knote: [m[K  candidate expects 2 arguments, 3 provided
[2.387s]    90 |     [01;36m[Knh_private->get_parameter_or("serial_port", opt_com_path, "/dev/ttyUSB0")[m[K;
[2.388s]       |     [01;36m[K~~~~~~~~~~~~~~~~~~~~~~~~~~~~^~~~~~~~~~~~~~~~~~~~~~~~~~~~~~~~~~~~~~~~~~~~~[m[K
[2.388s] [01m[K/home/jsc/ros2_ws/src/delta_lidar/src/node.cpp:91:33:[m[K [01;31m[Kerror: [m[Kno matching function for call to â€˜[01m[Krclcpp::Node::get_parameter_or(const char [9], std::string&, const char [6])[m[Kâ€™
[2.388s]    91 |     [01;31m[Knh_private->get_parameter_or("frame_id", frame_id, "laser")[m[K;
[2.388s]       |     [01;31m[K~~~~~~~~~~~~~~~~~~~~~~~~~~~~^~~~~~~~~~~~~~~~~~~~~~~~~~~~~~~[m[K
[2.388s] In file included from [01m[K/opt/ros/humble/include/rclcpp/rclcpp/executors/single_threaded_executor.hpp:28[m[K,
[2.388s]                  from [01m[K/opt/ros/humble/include/rclcpp/rclcpp/executors.hpp:22[m[K,
[2.388s]                  from [01m[K/opt/ros/humble/include/rclcpp/rclcpp/rclcpp.hpp:155[m[K,
[2.388s]                  from [01m[K/home/jsc/ros2_ws/src/delta_lidar/src/node.cpp:1[m[K:
[2.389s] [01m[K/opt/ros/humble/include/rclcpp/rclcpp/node.hpp:702:3:[m[K [01;36m[Knote: [m[Kcandidate: â€˜[01m[Ktemplate<class ParameterT> bool rclcpp::Node::get_parameter_or(const string&, ParameterT&, const ParameterT&) const[m[Kâ€™
[2.389s]   702 |   [01;36m[Kget_parameter_or[m[K(
[2.389s]       |   [01;36m[K^~~~~~~~~~~~~~~~[m[K
[2.389s] [01m[K/opt/ros/humble/include/rclcpp/rclcpp/node.hpp:702:3:[m[K [01;36m[Knote: [m[K  template argument deduction/substitution failed:
[2.389s] [01m[K/home/jsc/ros2_ws/src/delta_lidar/src/node.cpp:91:33:[m[K [01;36m[Knote: [m[K  deduced conflicting types for parameter â€˜[01m[Kconst ParameterT[m[Kâ€™ (â€˜[01m[Kstd::__cxx11::basic_string<char>[m[Kâ€™ and â€˜[01m[Kchar [6][m[Kâ€™)
[2.389s]    91 |     [01;36m[Knh_private->get_parameter_or("frame_id", frame_id, "laser")[m[K;
[2.389s]       |     [01;36m[K~~~~~~~~~~~~~~~~~~~~~~~~~~~~^~~~~~~~~~~~~~~~~~~~~~~~~~~~~~~[m[K
[2.389s] In file included from [01m[K/opt/ros/humble/include/rclcpp/rclcpp/executors/single_threaded_executor.hpp:28[m[K,
[2.389s]                  from [01m[K/opt/ros/humble/include/rclcpp/rclcpp/executors.hpp:22[m[K,
[2.389s]                  from [01m[K/opt/ros/humble/include/rclcpp/rclcpp/rclcpp.hpp:155[m[K,
[2.390s]                  from [01m[K/home/jsc/ros2_ws/src/delta_lidar/src/node.cpp:1[m[K:
[2.390s] [01m[K/opt/ros/humble/include/rclcpp/rclcpp/node.hpp:721:3:[m[K [01;36m[Knote: [m[Kcandidate: â€˜[01m[Ktemplate<class ParameterT> ParameterT rclcpp::Node::get_parameter_or(const string&, const ParameterT&) const[m[Kâ€™
[2.390s]   721 |   [01;36m[Kget_parameter_or[m[K(
[2.390s]       |   [01;36m[K^~~~~~~~~~~~~~~~[m[K
[2.390s] [01m[K/opt/ros/humble/include/rclcpp/rclcpp/node.hpp:721:3:[m[K [01;36m[Knote: [m[K  template argument deduction/substitution failed:
[2.390s] [01m[K/home/jsc/ros2_ws/src/delta_lidar/src/node.cpp:91:33:[m[K [01;36m[Knote: [m[K  candidate expects 2 arguments, 3 provided
[2.390s]    91 |     [01;36m[Knh_private->get_parameter_or("frame_id", frame_id, "laser")[m[K;
[2.390s]       |     [01;36m[K~~~~~~~~~~~~~~~~~~~~~~~~~~~~^~~~~~~~~~~~~~~~~~~~~~~~~~~~~~~[m[K
[2.392s] [01m[K/home/jsc/ros2_ws/src/delta_lidar/src/node.cpp:113:20:[m[K [01;31m[Kerror: [m[Kâ€˜[01m[Kclass everest::hwdrivers::C3iroboticsLidar[m[Kâ€™ has no member named â€˜[01m[Kinitialize[m[Kâ€™; did you mean â€˜[01m[Kinitilize[m[Kâ€™?
[2.392s]   113 |     robotics_lidar.[01;31m[Kinitialize[m[K(&serial_connect);
[2.392s]       |                    [01;31m[K^~~~~~~~~~[m[K
[2.392s]       |                    [32m[Kinitilize[m[K
[3.108s] gmake[2]: *** [CMakeFiles/delta_lidar_node.dir/build.make:76: CMakeFiles/delta_lidar_node.dir/src/node.cpp.o] Error 1
[3.109s] gmake[1]: *** [CMakeFiles/Makefile2:139: CMakeFiles/delta_lidar_node.dir/all] Error 2
[3.109s] gmake: *** [Makefile:146: all] Error 2
[3.111s] Invoked command in '/home/jsc/ros2_ws/build/delta_lidar' returned '2': CMAKE_PREFIX_PATH=${CMAKE_PREFIX_PATH}:/home/jsc/ros2_ws/install/robot_sensor_distance:/home/jsc/ros2_ws/install/robot_distancia:/home/jsc/ros2_ws/install/robot_controller:/home/jsc/ros2_ws/install/prueba:/home/jsc/ros2_ws/install/aros2duino:/home/jsc/Aros2duino/install/aros2duino:/opt/ros/humble /usr/bin/cmake --build /home/jsc/ros2_ws/build/delta_lidar -- -j12 -l12
